<?xml version="1.0" encoding="UTF-8"?>
<!-- Generated by org.testng.reporters.JUnitReportReporter -->
<testsuite hostname="Sahitya" failures="0" tests="1" name="com.hybrid.bank.test.loginpagetest" time="2.719" errors="0" timestamp="2024-08-19T15:39:12 IST" skipped="0">
  <testcase classname="com.hybrid.bank.test.loginpagetest" name="test" time="2.719"/>
</testsuite> <!-- com.hybrid.bank.test.loginpagetest -->
